C51 COMPILER V9.54   PROJECT4                                                              12/11/2024 22:08:49 PAGE 1   


C51 COMPILER V9.54, COMPILATION OF MODULE PROJECT4
OBJECT MODULE PLACED IN .\Objects\project4.obj
COMPILER INVOKED BY: D:\keil\C51\BIN\C51.EXE project4.c OPTIMIZE(8,SPEED) BROWSE DEBUG OBJECTEXTEND PRINT(.\Listings\pro
                    -ject4.lst) TABS(2) OBJECT(.\Objects\project4.obj)

line level    source

   1          #include <reg51.h>
   2          
   3          void delay(unsigned int time); 
   4          
   5          void main() {
   6   1          unsigned char i;
   7   1          while (1) {
   8   2              for (i = 0; i < 8; i++) {
   9   3                  P1 = ~(1 << i); 
  10   3                  delay(500);     
  11   3              }
  12   2      
  13   2              for (i = 0; i < 8; i++) {
  14   3                  P2 = ~(1 << i); 
  15   3                  delay(500);     
  16   3              }
  17   2              if(P1 == 0)
  18   2                P2 == 1;
*** WARNING C275 IN LINE 18 OF project4.c: expression with possibly no effect
  19   2          }
  20   1      }
  21          
  22          
  23          void delay(unsigned int time) {
  24   1          unsigned int i, j;
  25   1          for (i = 0; i < time; i++) {
  26   2              for (j = 0; j < 120; j++);
  27   2          }
  28   1      }


MODULE INFORMATION:   STATIC OVERLAYABLE
   CODE SIZE        =    106    ----
   CONSTANT SIZE    =   ----    ----
   XDATA SIZE       =   ----    ----
   PDATA SIZE       =   ----    ----
   DATA SIZE        =   ----       1
   IDATA SIZE       =   ----    ----
   BIT SIZE         =   ----    ----
END OF MODULE INFORMATION.


C51 COMPILATION COMPLETE.  1 WARNING(S),  0 ERROR(S)
