C51 COMPILER V9.54   AUTOMATIC_STREET_LIGHT_CONTROL                                        12/10/2024 08:35:12 PAGE 1   


C51 COMPILER V9.54, COMPILATION OF MODULE AUTOMATIC_STREET_LIGHT_CONTROL
OBJECT MODULE PLACED IN .\Objects\Automatic Street Light Control.obj
COMPILER INVOKED BY: D:\keil\C51\BIN\C51.EXE Automatic Street Light Control.c OPTIMIZE(8,SPEED) BROWSE DEBUG OBJECTEXTEN
                    -D PRINT(.\Listings\Automatic Street Light Control.lst) TABS(2) OBJECT(.\Objects\Automatic Street Light Control.obj)

line level    source

   1          #include <REGX51.H>
   2          sbit sensor1 = P1^0;
   3          sbit sensor2 = P1^1;
   4          sbit sensor3 = P1^2;
   5          
   6          sbit load1 = P2^0;
   7          sbit load2 = P2^1;
   8          sbit load3 = P2^2;
   9          
  10          void main()
  11          {
  12   1        sensor1=sensor2=sensor3=0;
  13   1        load1=load2=load3=0;
  14   1        while(1)
  15   1        {
  16   2          if(sensor1==1)
  17   2          {
  18   3            load1=1;
  19   3            load2=0;
  20   3            load3=0;
  21   3          }
  22   2          if(sensor2==1)
  23   2          {
  24   3            load1=0;
  25   3            load2=1;
  26   3            load3=0;
  27   3          }
  28   2          if(sensor3==1)
  29   2          {
  30   3            load1=0;
  31   3            load2=0;
  32   3            load3=1;
  33   3          }
  34   2        }
  35   1      }


MODULE INFORMATION:   STATIC OVERLAYABLE
   CODE SIZE        =     41    ----
   CONSTANT SIZE    =   ----    ----
   XDATA SIZE       =   ----    ----
   PDATA SIZE       =   ----    ----
   DATA SIZE        =   ----    ----
   IDATA SIZE       =   ----    ----
   BIT SIZE         =   ----    ----
END OF MODULE INFORMATION.


C51 COMPILATION COMPLETE.  0 WARNING(S),  0 ERROR(S)
