C51 COMPILER V9.54   TOGGLE_LED                                                            12/09/2024 21:06:24 PAGE 1   


C51 COMPILER V9.54, COMPILATION OF MODULE TOGGLE_LED
OBJECT MODULE PLACED IN .\Objects\toggle LED.obj
COMPILER INVOKED BY: D:\keil\C51\BIN\C51.EXE toggle LED.c OPTIMIZE(8,SPEED) BROWSE DEBUG OBJECTEXTEND PRINT(.\Listings\t
                    -oggle LED.lst) TABS(2) OBJECT(.\Objects\toggle LED.obj)

line level    source

   1          #include <reg51.h>
   2          
   3          void main()
   4          {
   5   1        unsigned char x,y;
   6   1        unsigned int i;
   7   1        P1 = 0x00;//output configuration
   8   1        while(1)
   9   1        {
  10   2          x = 0x01;
  11   2          for(y=0;y<8;y++)
  12   2          {
  13   3            P1 = x;
  14   3            for(i=0;i<60000;i++);
  15   3            x = x<<1;
  16   3          }
  17   2        }
  18   1      }


MODULE INFORMATION:   STATIC OVERLAYABLE
   CODE SIZE        =     52    ----
   CONSTANT SIZE    =   ----    ----
   XDATA SIZE       =   ----    ----
   PDATA SIZE       =   ----    ----
   DATA SIZE        =   ----       2
   IDATA SIZE       =   ----    ----
   BIT SIZE         =   ----    ----
END OF MODULE INFORMATION.


C51 COMPILATION COMPLETE.  0 WARNING(S),  0 ERROR(S)
